 atom            1   0.0000000000000000       -0.0000000000000000        1.0700000524520874     
 atom            2  -0.0000000000000000       -1.0088056325912476      -0.35666668415069580     
 atom            3 -0.87365132570266724       0.50440281629562378      -0.35666668415069580     
 atom            4  0.87365132570266724       0.50440281629562378      -0.35666668415069580     
 atom            5  -0.0000000000000000       -0.0000000000000000       -0.0000000000000000     
 
 r(           1 ) =    1.7473027160960584     
 r(           2 ) =    1.7473027262949656     
 r(           3 ) =    1.7473027262949656     
 r(           4 ) =    1.0700000524520874     
 r(           5 ) =    1.7473026208086107     
 r(           6 ) =    1.7473026208086107     
 r(           7 ) =    1.0699999663228403     
 r(           8 ) =    1.7473026514053345     
 r(           9 ) =    1.0699999829775872     
 r(          10 ) =    1.0699999829775872     
 
 x(           1 ) =   0.17424329381206941     
 x(           2 ) =   0.17424329203497821     
 x(           3 ) =   0.17424329203497821     
 x(           4 ) =   0.34300849942719441     
 x(           5 ) =   0.17424331041526894     
 x(           6 ) =   0.17424331041526894     
 x(           7 ) =   0.34300852897025946     
 x(           8 ) =   0.17424330508399458     
 x(           9 ) =   0.34300852325753928     
 x(          10 ) =   0.34300852325753928     
 
 p(           1 ) =    1.0000000000000000     
 p(           2 ) =    1.3720340749125324     
 p(           3 ) =    1.0454598037965583     
 p(           4 ) =   0.70592906352040796     
 p(           5 ) =   0.71720323738012359     
 p(           6 ) =    9.1082183446194648E-002
 p(           7 ) =   0.71720323738012492     
 p(           8 ) =   0.36432873378477931     
 p(           9 ) =   0.47061937568027268     
 p(          10 ) =   0.18216436689239032     
 p(          11 ) =   0.16142645493684876     
 p(          12 ) =   0.12300341004038877     
 p(          13 ) =   0.49201364016155585     
 p(          14 ) =   0.12496785930561324     
 p(          15 ) =   0.12300341004038930     
 p(          16 ) =   0.12496785930561329     
 p(          17 ) =   0.24993571861122704     
 p(          18 ) =    6.3481841090013869E-002
 p(          19 ) =    2.1160613696671330E-002
 p(          20 ) =   0.12496785930561365     
 p(          21 ) =    2.1160613696671330E-002
 p(          22 ) =   0.48427936481054695     
 p(          23 ) =   0.24600682008077784     
 p(          24 ) =   0.24600682008077879     
 p(          25 ) =   0.12496785930561367     
 p(          26 ) =    3.1740920545006920E-002
 p(          27 ) =   0.12496785930561423     
 p(          28 ) =   0.12696368218002824     
 p(          29 ) =   0.16142645493684954     
 p(          30 ) =    3.1740920545007503E-002
 p(          31 ) =    1.3842662297855543E-002
 p(          32 ) =    8.4382434952925869E-002
 p(          33 ) =    4.2865040309044131E-002
 p(          34 ) =    8.4382434952926008E-002
 p(          35 ) =    2.1432520154522058E-002
 p(          36 ) =    8.5730080618088303E-002
 p(          37 ) =    4.2865040309044214E-002
 p(          38 ) =    4.3549624556840728E-002
 p(          39 ) =    2.7653213804420844E-003
 p(          40 ) =    7.2582707594734588E-003
 p(          41 ) =    4.2865040309044228E-002
 p(          42 ) =    8.5730080618088525E-002
 p(          43 ) =    4.3549624556840839E-002
 p(          44 ) =    2.1774812278420451E-002
 p(          45 ) =    2.1774812278420420E-002
 p(          46 ) =    1.1061285521768362E-002
 p(          47 ) =    7.2582707594734917E-003
 p(          48 ) =   0.16611194757426667     
 p(          49 ) =    8.4382434952925842E-002
 p(          50 ) =   0.16876486990585188     
 p(          51 ) =   0.16876486990585227     
 p(          52 ) =    4.2865040309044193E-002
 p(          53 ) =    8.4382434952926424E-002
 p(          54 ) =    4.2865040309044103E-002
 p(          55 ) =    8.5730080618088664E-002
 p(          56 ) =    4.2865040309044380E-002
 p(          57 ) =    2.1432520154522100E-002
 p(          58 ) =    2.1774812278420382E-002
 p(          59 ) =    8.5730080618088719E-002
 p(          60 ) =    2.1774812278420382E-002
 p(          61 ) =    2.1432520154522433E-002
 p(          62 ) =    4.3549624556840867E-002
 p(          63 ) =    4.3549624556840839E-002
 p(          64 ) =    2.2122571043536723E-002
 p(          65 ) =    4.3549624556841068E-002
 p(          66 ) =    1.1061285521768414E-002
 p(          67 ) =    1.1061285521768410E-002
 p(          68 ) =    4.3549624556841048E-002
 p(          69 ) =    1.1061285521768410E-002
 p(          70 ) =    8.3055973787133641E-002
 p(          71 ) =   0.16611194757426728     
 p(          72 ) =    8.4382434952926091E-002
 p(          73 ) =    8.4382434952926591E-002
 p(          74 ) =    4.2865040309044242E-002
 p(          75 ) =    2.7653213804420852E-003
 p(          76 ) =    4.2865040309044630E-002
 p(          77 ) =    1.1061285521768362E-002
 p(          78 ) =    2.1774812278420694E-002
 p(          79 ) =    5.5306427608841878E-003
 p(          80 ) =    2.1774812278420867E-002
 p(          81 ) =    2.2122571043537001E-002
 p(          82 ) =    5.5370649191422677E-002
 p(          83 ) =    5.5306427608845000E-003
 
