atom 0    0.00000   -0.00000    1.07000
atom 1   -0.00000   -1.00881   -0.35667
atom 2   -0.87365    0.50440   -0.35667
atom 3    0.87365    0.50440   -0.35667
atom 4   -0.00000   -0.00000   -0.00000

r[0] = 1.747303e+00
r[1] = 1.747303e+00
r[2] = 1.747303e+00
r[3] = 1.070000e+00
r[4] = 1.747303e+00
r[5] = 1.747303e+00
r[6] = 1.070000e+00
r[7] = 1.747303e+00
r[8] = 1.070000e+00
r[9] = 1.070000e+00

x[0] = 1.742433e-01
x[1] = 1.742433e-01
x[2] = 1.742433e-01
x[3] = 3.430085e-01
x[4] = 1.742433e-01
x[5] = 1.742433e-01
x[6] = 3.430085e-01
x[7] = 1.742433e-01
x[8] = 3.430085e-01
x[9] = 3.430085e-01

p[0] = 1.000000e+00
p[1] = 1.372034e+00
p[2] = 1.045460e+00
p[3] = 7.059291e-01
p[4] = 7.172032e-01
p[5] = 9.108218e-02
p[6] = 7.172032e-01
p[7] = 3.643287e-01
p[8] = 4.706194e-01
p[9] = 1.821644e-01
p[10] = 1.614265e-01
p[11] = 1.230034e-01
p[12] = 4.920136e-01
p[13] = 1.249679e-01
p[14] = 1.230034e-01
p[15] = 1.249679e-01
p[16] = 2.499357e-01
p[17] = 6.348184e-02
p[18] = 2.116061e-02
p[19] = 1.249679e-01
p[20] = 2.116061e-02
p[21] = 4.842794e-01
p[22] = 2.460068e-01
p[23] = 2.460068e-01
p[24] = 1.249679e-01
p[25] = 3.174092e-02
p[26] = 1.249679e-01
p[27] = 1.269637e-01
p[28] = 1.614265e-01
p[29] = 3.174092e-02
p[30] = 1.384266e-02
p[31] = 8.438243e-02
p[32] = 4.286504e-02
p[33] = 8.438243e-02
p[34] = 2.143252e-02
p[35] = 8.573008e-02
p[36] = 4.286504e-02
p[37] = 4.354962e-02
p[38] = 2.765321e-03
p[39] = 7.258271e-03
p[40] = 4.286504e-02
p[41] = 8.573008e-02
p[42] = 4.354962e-02
p[43] = 2.177481e-02
p[44] = 2.177481e-02
p[45] = 1.106129e-02
p[46] = 7.258271e-03
p[47] = 1.661119e-01
p[48] = 8.438243e-02
p[49] = 1.687649e-01
p[50] = 1.687649e-01
p[51] = 4.286504e-02
p[52] = 8.438243e-02
p[53] = 4.286504e-02
p[54] = 8.573008e-02
p[55] = 4.286504e-02
p[56] = 2.143252e-02
p[57] = 2.177481e-02
p[58] = 8.573008e-02
p[59] = 2.177481e-02
p[60] = 2.143252e-02
p[61] = 4.354962e-02
p[62] = 4.354962e-02
p[63] = 2.212257e-02
p[64] = 4.354962e-02
p[65] = 1.106129e-02
p[66] = 1.106129e-02
p[67] = 4.354962e-02
p[68] = 1.106129e-02
p[69] = 8.305597e-02
p[70] = 1.661119e-01
p[71] = 8.438243e-02
p[72] = 8.438243e-02
p[73] = 4.286504e-02
p[74] = 2.765321e-03
p[75] = 4.286504e-02
p[76] = 1.106129e-02
p[77] = 2.177481e-02
p[78] = 5.530643e-03
p[79] = 2.177481e-02
p[80] = 2.212257e-02
p[81] = 5.537065e-02
p[82] = 5.530643e-03

